2023-08-14T06:07:10.646Z - Listening the port 8080...
2023-08-14T06:09:39.335Z - Listening the port 8080...
2023-08-14T06:20:42.021Z - Successfully LogIn to the Company registration
2023-08-14T06:20:48.693Z - Fail to LogIn
2023-08-14T06:21:01.159Z - Successfully LogIn to the Company registration
2023-08-14T07:25:58.708Z - Listening the port 8080...
2023-08-14T07:29:27.124Z - Listening the port 8080...
2023-08-14T07:30:48.809Z - Listening the port 8080...
2023-08-14T07:33:37.544Z - Listening the port 8080...
2023-08-14T07:36:02.974Z - Listening the port 8080...
2023-08-14T07:37:21.737Z - Error on login
2023-08-14T07:37:27.367Z - Error on login
2023-08-14T08:03:10.695Z - Error on login
2023-08-14T08:03:12.702Z - Error on login
2023-08-14T08:04:18.476Z - Listening the port 8080...
2023-08-14T08:05:04.753Z - Listening the port 8080...
2023-08-14T08:06:01.593Z - Listening the port 8080...
2023-08-14T08:06:57.530Z - LogIn
2023-08-14T08:07:20.670Z - LogIn
2023-08-14T08:10:45.758Z - LogIn
2023-08-14T08:10:51.454Z - LogIn
2023-08-14T08:10:57.076Z - LogIn
2023-08-14T08:11:03.139Z - LogIn
2023-08-14T08:11:14.313Z - LogIn
2023-08-14T08:13:44.470Z - LogIn
2023-08-14T08:14:16.653Z - LogIn
2023-08-14T08:14:32.917Z - Listening the port 8080...
2023-08-14T08:14:49.372Z - Fail to LogIn
2023-08-14T08:14:58.509Z - LogIn
2023-08-14T08:15:04.234Z - LogIn
2023-08-14T08:15:16.692Z - Fail to LogIn
2023-08-14T08:16:02.444Z - Fail to LogIn
2023-08-14T08:16:14.262Z - LogIn
2023-08-14T08:16:15.875Z - LogIn
2023-08-14T08:16:27.051Z - Listening the port 8080...
2023-08-14T08:16:35.181Z - LogIn
2023-08-14T08:16:39.110Z - LogIn
2023-08-14T08:21:59.826Z - Listening the port 8080...
2023-08-14T08:22:38.992Z - Listening the port 8080...
2023-08-14T08:22:49.389Z - Fail to LogIn
2023-08-14T08:22:58.315Z - LogIn
2023-08-14T08:23:09.011Z - Fail to LogIn
2023-08-14T08:24:18.427Z - Listening the port 8080...
2023-08-14T08:24:35.661Z - Fail to LogIn
2023-08-14T08:24:40.719Z - LogIn
2023-08-14T08:27:23.520Z - Listening the port 8080...
2023-08-14T08:27:32.171Z - Fail to LogIn
2023-08-14T08:27:45.153Z - Successfully LogIn to the Company registration
2023-08-14T08:32:31.597Z - Successfully LogIn to the Company registration
2023-08-16T07:00:30.592Z - Listening the port 8080...
2023-08-16T07:00:47.463Z - Successfully LogIn to the Company registration
2023-08-16T07:06:28.114Z - Fail to LogIn
2023-08-16T07:06:32.932Z - Fail to LogIn
2023-08-16T07:06:39.463Z - Fail to LogIn
2023-08-16T07:23:10.965Z - Listening the port 8080...
2023-08-16T07:48:39.027Z - Listening the port 8080...
2023-08-16T07:49:29.142Z - Fail to LogIn
2023-08-16T07:49:44.199Z - Fail to LogIn
2023-08-16T07:50:24.732Z - Fail to LogIn
2023-08-16T07:50:55.728Z - Listening the port 8080...
2023-08-16T07:51:20.766Z - Fail to LogIn
2023-08-16T07:58:47.742Z - Listening the port 8080...
2023-08-16T07:58:53.537Z - Successfully LogIn to the Company registration
2023-08-16T07:59:03.726Z - Fail to LogIn
2023-08-16T07:59:09.643Z - Successfully LogIn to the Company registration
2023-08-16T07:59:14.344Z - Fail to LogIn
2023-08-16T07:59:21.021Z - Fail to LogIn
2023-08-16T08:00:22.998Z - Successfully LogIn to the Company registration
2023-08-16T08:00:58.223Z - Fail to LogIn
2023-08-16T08:02:01.065Z - Listening the port 8080...
2023-08-16T08:02:12.138Z - Fail to LogIn
2023-08-16T08:02:19.773Z - Successfully LogIn to the Company registration
2023-08-16T08:02:55.406Z - Fail to LogIn
2023-08-16T08:03:12.838Z - Successfully LogIn to the Company registration
2023-08-16T09:00:25.765Z - Listening the port 8080...
2023-08-16T09:02:05.212Z - Successfully LogIn to the Company registration
2023-08-16T09:02:47.080Z - Successfully LogIn to the Company registration
2023-08-16T09:03:12.853Z - Fail to LogIn
2023-08-16T09:03:50.461Z - Successfully LogIn to the Company registration
2023-08-16T09:03:55.260Z - Fail to LogIn
2023-08-16T09:06:11.389Z - Listening the port 8080...
2023-08-16T09:06:26.811Z - No user exists
2023-08-16T09:07:21.372Z - Successfully LogIn to the Company registration
2023-08-16T10:04:23.824Z - No user exists
2023-08-16T10:04:34.403Z - Successfully LogIn to the Company registration
2023-08-16T10:55:39.442Z - Listening the port 8080...
2023-08-16T11:04:16.610Z - Listening the port 8080...
2023-08-16T11:04:29.428Z - Successfully LogIn to the Company registration
2023-08-16T11:05:57.406Z - No user exists
2023-08-16T11:43:52.122Z - Successfully LogIn to the Company registration
2023-08-17T07:09:08.934Z - Listening the port 8080...
2023-08-17T07:11:33.924Z - Listening the port 8080...
2023-08-17T07:11:57.876Z - Successfully LogIn to the Company registration
2023-08-17T07:28:15.768Z - Successfully LogIn to the Company registration
2023-08-17T07:28:34.974Z - Listening the port 8080...
2023-08-17T10:36:36.461Z - Listening the port 8080...
2023-08-17T10:42:33.298Z - Listening the port 8080...
2023-08-17T10:44:08.106Z - No user exists
2023-08-17T10:44:21.239Z - Successfully LogIn to the Company registration
2023-08-17T10:44:42.012Z - No user exists
2023-08-17T10:45:16.247Z - Successfully LogIn to the Company registration
2023-08-17T12:08:19.091Z - No user exists
2023-08-17T12:08:36.452Z - Successfully LogIn to the Company registration
2023-08-17T12:09:20.144Z - Listening the port 8080...
2023-08-17T12:09:36.064Z - Successfully LogIn to the Company registration
2023-08-17T12:10:30.366Z - Successfully LogIn to the Company registration
2023-08-17T12:10:44.814Z - Successfully LogIn to the Company registration
2023-08-17T12:11:28.172Z - Listening the port 8080...
2023-08-17T12:11:37.018Z - Successfully LogIn to the Company registration
2023-08-17T12:11:47.410Z - Successfully LogIn to the Company registration
2023-08-17T12:11:52.848Z - No user exists
2023-08-17T12:12:11.329Z - Successfully LogIn to the Company registration
2023-08-17T12:12:22.313Z - Successfully LogIn to the Company registration
2023-08-17T12:13:20.499Z - No user exists
2023-08-17T12:13:43.765Z - Successfully LogIn to the Company registration
2023-08-17T12:14:11.922Z - No user exists
2023-08-17T12:15:57.431Z - No user exists
2023-08-17T12:17:18.366Z - Listening the port 8080...
2023-08-17T12:20:34.107Z - No user exists
2023-08-17T12:21:05.386Z - No user exists
2023-08-17T12:21:36.670Z - Successfully LogIn to the Company registration
2023-08-17T12:21:51.723Z - No user exists
2023-08-17T12:22:06.700Z - No user exists
2023-08-17T12:22:55.587Z - No user exists
2023-08-17T12:23:45.485Z - No user exists
2023-08-17T12:24:24.857Z - Successfully LogIn to the Company registration
2023-08-17T12:25:02.632Z - Successfully LogIn to the Company registration
2023-08-17T12:25:11.352Z - No user exists
2023-08-17T12:27:07.045Z - Listening the port 8080...
2023-08-17T12:27:23.203Z - Successfully LogIn to the Company registration
2023-08-17T12:27:29.076Z - No user exists
2023-08-17T12:28:51.654Z - Listening the port 8080...
2023-08-17T12:29:15.819Z - Successfully LogIn to the Company registration
2023-08-17T12:29:21.613Z - No user exists
2023-08-17T12:30:11.122Z - Listening the port 8080...
2023-08-17T12:30:50.028Z - Successfully LogIn to the Company registration
2023-08-17T12:30:56.956Z - No user exists
2023-08-17T12:34:37.737Z - Successfully LogIn to the Company registration
2023-08-17T12:39:23.983Z - Successfully LogIn to the Company registration
2023-08-17T12:46:48.975Z - Listening the port 8080...
2023-08-17T12:46:53.797Z - No user exists
2023-08-17T12:47:38.264Z - No user exists
2023-08-17T12:53:44.539Z - Listening the port 8080...
2023-08-17T12:54:08.731Z - Successfully LogIn to the Company registration
2023-08-17T12:54:47.138Z - No user exists
2023-08-17T12:55:54.410Z - No user exists
2023-08-17T12:55:56.436Z - No user exists
2023-08-17T12:56:02.400Z - No user exists
2023-08-17T12:58:32.500Z - Listening the port 8080...
2023-08-17T12:59:29.529Z - Successfully LogIn to the Company registration
2023-08-17T13:01:28.087Z - No user exists
2023-08-17T13:01:36.378Z - Successfully LogIn to the Company registration
2023-08-17T13:06:12.077Z - Successfully LogIn to the Company registration
2023-08-17T13:07:04.620Z - Successfully LogIn to the Company registration
2023-08-17T13:16:14.176Z - Successfully LogIn to the Company registration
2023-08-17T13:16:54.239Z - Successfully LogIn to the Company registration
2023-08-17T13:26:09.866Z - Listening the port 8080...
2023-08-17T13:26:20.204Z - Successfully LogIn to the Company registration
2023-08-17T13:27:11.212Z - Listening the port 8080...
2023-08-17T13:27:15.797Z - Successfully LogIn to the Company registration
2023-08-17T13:28:22.948Z - Listening the port 8080...
2023-08-17T13:28:32.274Z - Successfully LogIn to the Company registration
2023-08-17T13:29:31.444Z - Listening the port 8080...
2023-08-17T13:29:39.415Z - No user exists
2023-08-17T13:30:06.442Z - No user exists
2023-08-17T13:34:03.799Z - Listening the port 8080...
2023-08-17T13:34:24.727Z - No user exists
2023-08-17T13:34:38.734Z - Successfully LogIn to the Company registration
2023-08-17T13:37:35.061Z - Successfully LogIn to the Company registration
2023-08-17T13:41:48.462Z - Successfully LogIn to the Company registration
2023-08-18T03:58:07.639Z - No user exists
2023-08-18T03:58:23.055Z - Successfully LogIn to the Company registration
2023-08-18T04:03:13.971Z - Listening the port 8080...
2023-08-18T04:03:42.896Z - Successfully LogIn to the Company registration
2023-08-18T04:22:34.269Z - Listening the port 8080...
2023-08-18T04:24:12.203Z - Successfully LogIn to the Company registration
2023-08-18T04:24:41.251Z - Successfully LogIn to the Company registration
2023-08-18T04:34:06.258Z - Listening the port 8080...
2023-08-18T04:34:13.499Z - Successfully LogIn to the Company registration
2023-08-18T04:37:44.384Z - Successfully LogIn to the Company registration
2023-08-18T04:40:09.022Z - No user exists
2023-08-18T04:40:17.133Z - Successfully LogIn to the Company registration
2023-08-18T04:40:50.625Z - Successfully LogIn to the Company registration
2023-08-18T04:59:32.038Z - Listening the port 8080...
2023-08-18T04:59:46.144Z - Successfully LogIn to the Company registration
2023-08-18T05:18:49.416Z - Listening the port 8080...
2023-08-18T05:29:03.543Z - Listening the port 8080...
2023-08-18T05:29:44.451Z - Successfully LogIn to the Company registration
2023-08-18T05:32:20.555Z - Listening the port 8080...
2023-08-18T05:32:48.309Z - Successfully LogIn to the Company registration
2023-08-18T06:35:48.024Z - No user exists
2023-08-18T06:36:06.257Z - Successfully LogIn to the Company registration
2023-08-20T03:33:02.051Z - Listening the port 8080...
2023-08-20T03:33:51.880Z - Listening the port 8080...
2023-08-20T03:34:11.893Z - Listening the port 8080...
2023-08-20T03:36:47.217Z - Listening the port 8080...
2023-08-20T03:38:56.368Z - Listening the port 8080...
2023-08-20T03:41:49.731Z - Listening the port 8080...
2023-08-20T03:42:39.480Z - Listening the port 8080...
2023-08-20T03:43:17.252Z - Listening the port 8080...
2023-08-20T03:45:26.391Z - Listening the port 8080...
2023-08-20T03:46:06.841Z - Listening the port 8080...
2023-08-20T03:47:42.918Z - Listening the port 8080...
2023-08-20T03:49:19.651Z - Listening the port 8080...
2023-08-20T04:07:49.598Z - Listening the port 8080...
2023-08-20T07:08:58.810Z - Listening the port 8080...
2023-08-20T07:09:33.340Z - Listening the port 8080...
2023-08-20T07:13:52.633Z - Successfully LogIn to the Company registration
2023-08-20T07:17:40.993Z - Listening the port 8080...
2023-08-20T07:18:34.609Z - Successfully LogIn to the Company registration
2023-08-20T07:22:45.992Z - Listening the port 8080...
2023-08-20T07:23:01.367Z - Listening the port 8080...
2023-08-20T07:23:05.706Z - Listening the port 8080...
2023-08-20T07:23:13.802Z - Listening the port 8080...
2023-08-20T07:25:56.144Z - Listening the port 8080...
2023-08-20T07:26:56.861Z - Listening the port 8080...
2023-08-20T07:29:49.007Z - Listening the port 8080...
2023-08-20T07:30:17.387Z - Listening the port 8080...
2023-08-20T07:30:48.068Z - Listening the port 8080...
2023-08-20T07:30:59.897Z - Listening the port 8080...
2023-08-20T07:33:52.890Z - Listening the port 8080...
2023-08-20T07:35:02.622Z - Listening the port 8080...
2023-08-20T07:35:14.057Z - Listening the port 8080...
2023-08-20T07:36:00.434Z - Listening the port 8080...
2023-08-20T07:36:16.284Z - Listening the port 8080...
2023-08-20T07:37:20.610Z - Listening the port 8080...
2023-08-20T07:38:03.861Z - Listening the port 8080...
2023-08-20T07:38:31.715Z - Listening the port 8080...
2023-08-20T07:42:08.578Z - Listening the port 8080...
2023-08-20T07:45:47.702Z - Listening the port 8080...
2023-08-20T07:46:32.246Z - Listening the port 8080...
2023-08-20T07:47:51.584Z - Listening the port 8080...
2023-08-20T07:49:35.824Z - Listening the port 8080...
2023-08-20T08:02:20.274Z - Listening the port 8080...
2023-08-20T08:04:46.238Z - Listening the port 8080...
2023-08-20T08:05:37.402Z - Listening the port 8080...
2023-08-20T08:06:20.267Z - Listening the port 8080...
2023-08-20T08:07:00.374Z - Listening the port 8080...
2023-08-20T08:08:25.106Z - Listening the port 8080...
2023-08-20T08:09:20.133Z - Listening the port 8080...
2023-08-20T08:09:45.542Z - Listening the port 8080...
2023-08-20T08:11:43.015Z - Listening the port 8080...
2023-08-20T08:14:04.534Z - Listening the port 8080...
2023-08-20T08:14:47.186Z - Listening the port 8080...
2023-08-20T08:15:39.058Z - Listening the port 8080...
2023-08-20T08:16:24.456Z - Listening the port 8080...
2023-08-20T08:18:48.759Z - Listening the port 8080...
2023-08-20T08:21:16.763Z - Listening the port 8080...
2023-08-20T08:21:38.947Z - Listening the port 8080...
2023-08-20T08:22:21.511Z - Listening the port 8080...
2023-08-20T08:23:48.489Z - Listening the port 8080...
2023-08-20T08:24:34.439Z - Listening the port 8080...
2023-08-20T08:32:42.700Z - Listening the port 8080...
2023-08-20T08:38:32.620Z - Listening the port 8080...
2023-08-20T08:41:22.967Z - Successfully LogIn to the Company registration
2023-08-20T08:44:54.934Z - Successfully LogIn to the Company registration
2023-08-20T08:45:22.864Z - Successfully LogIn to the Company registration
2023-08-20T08:46:27.605Z - Successfully LogIn to the Company registration
2023-08-20T08:48:34.649Z - Successfully LogIn to the Company registration
2023-08-20T08:50:48.296Z - Successfully LogIn to the Company registration
2023-08-20T08:51:12.248Z - Successfully LogIn to the Company registration
2023-08-20T08:52:23.197Z - Listening the port 8080...
2023-08-21T02:58:35.432Z - Listening the port 8080...
2023-08-21T02:59:08.924Z - Listening the port 8080...
2023-08-21T02:59:29.378Z - Listening the port 8080...
2023-08-21T03:03:36.139Z - Listening the port 8080...
2023-08-21T03:05:52.492Z - Listening the port 8080...
2023-08-21T03:07:25.605Z - Listening the port 8080...
2023-08-21T03:07:29.805Z - Successfully LogIn to the Company registration
2023-08-21T03:08:02.324Z - Successfully LogIn to the Company registration
2023-08-21T03:22:07.399Z - Listening the port 8080...
2023-08-21T03:23:06.299Z - Listening the port 8080...
2023-08-21T03:25:17.595Z - Listening the port 8080...
2023-08-21T03:36:25.274Z - Listening the port 8080...
2023-08-21T03:36:54.942Z - Listening the port 8080...
2023-08-21T03:53:18.087Z - Listening the port 8080...
2023-08-21T03:53:37.903Z - Listening the port 8080...
2023-08-21T03:55:35.645Z - Listening the port 8080...
2023-08-21T03:55:48.482Z - Listening the port 8080...
2023-08-21T04:04:44.280Z - Successfully LogIn to the Company registration
2023-08-21T04:05:18.085Z - Successfully LogIn to the Company registration
2023-08-21T04:07:45.119Z - Listening the port 8080...
2023-08-21T04:08:54.962Z - Listening the port 8080...
2023-08-21T04:10:58.068Z - Listening the port 8080...
2023-08-21T04:16:10.850Z - Listening the port 8080...
2023-08-21T04:21:57.289Z - Listening the port 8080...
2023-08-21T04:25:37.915Z - Listening the port 8080...
2023-08-21T04:27:40.648Z - Listening the port 8080...
2023-08-21T04:35:45.238Z - Company successfully signed up: kamal@gmail.com
2023-08-21T04:36:57.934Z - Company successfully signed up: saman@gmail.com
2023-08-21T05:52:45.101Z - Company successfully signed up: shankaa@gmail.com
2023-08-21T06:05:20.698Z - Listening the port 8080...
2023-08-21T06:33:39.223Z - Listening the port 8080...
2023-08-21T06:38:01.317Z - Listening the port 8080...
2023-08-21T06:44:26.910Z - Listening the port 8080...
2023-08-21T06:51:30.709Z - User successfully signed up: company@gmail.com
2023-08-21T06:55:26.289Z - Listening the port 8080...
2023-08-21T06:56:44.484Z - User successfully signed up: company@gmail.com
2023-08-21T06:58:25.697Z - User successfully signed up: investor@gmail.com
2023-08-21T07:02:03.506Z - Listening the port 8080...
2023-08-21T07:07:40.450Z - Listening the port 8080...
2023-08-21T07:08:05.202Z - Successfully LogIn to the Company registration
2023-08-21T07:08:24.153Z - Successfully LogIn to the Company registration
2023-08-21T07:08:37.808Z - Listening the port 8080...
2023-08-21T07:10:35.560Z - Listening the port 8080...
2023-08-21T07:10:49.090Z - Listening the port 8080...
2023-08-21T07:11:50.290Z - Listening the port 8080...
2023-08-21T07:13:24.280Z - Successfully LogIn to the Company registration
2023-08-21T07:14:03.782Z - Successfully LogIn to the Company registration
2023-08-21T07:14:28.290Z - Successfully LogIn to the Company registration
2023-08-21T07:27:57.236Z - Listening the port 8080...
2023-08-21T07:57:23.587Z - Listening the port 8080...
2023-08-21T07:58:08.369Z - Listening the port 8080...
2023-08-21T07:58:48.854Z - Listening the port 8080...
2023-08-21T08:06:14.977Z - Listening the port 8080...
2023-08-21T08:10:06.753Z - Listening the port 8080...
2023-08-21T08:11:05.578Z - Listening the port 8080...
2023-08-21T08:12:05.019Z - Listening the port 8080...
2023-08-21T08:15:10.181Z - Listening the port 8080...
2023-08-21T10:59:11.026Z - Listening the port 8080...
2023-08-21T11:05:48.130Z - Listening the port 8080...
2023-08-21T11:05:54.253Z - Listening the port 8080...
2023-08-21T11:06:20.602Z - Listening the port 8080...
2023-08-21T11:06:32.983Z - Listening the port 8080...
2023-08-21T11:14:01.154Z - Listening the port 8080...
2023-08-21T11:14:21.497Z - Listening the port 8080...
2023-08-21T11:14:26.642Z - Successfully logIn as a Investor
2023-08-21T11:14:44.672Z - Successfully logIn as a Investor
2023-08-21T11:15:04.102Z - Listening the port 8080...
2023-08-21T11:15:15.021Z - Successfully logIn as a Investor
2023-08-21T11:15:41.056Z - Successfully logIn as a Company
2023-08-21T11:18:09.217Z - Listening the port 8080...
2023-08-21T11:18:34.498Z - Successfully logIn as a Investor
2023-08-21T11:30:36.421Z - User successfully signed up: samanmal@gmail.com
2023-08-21T13:51:04.023Z - Listening the port 8080...
2023-08-21T13:51:20.465Z - Listening the port 8080...
2023-08-21T13:54:52.886Z - Listening the port 8080...
2023-08-21T14:10:58.540Z - User successfully signed up: softlogic@gmail.com
2023-08-21T14:22:38.264Z - Listening the port 8080...
2023-08-21T14:23:41.494Z - User successfully signed up: KDLDLD@gmail.com
2023-08-21T14:26:03.111Z - Listening the port 8080...
2023-08-21T14:26:09.503Z - Investor successfully registerd
2023-08-21T14:30:51.052Z - Listening the port 8080...
2023-08-21T14:30:56.011Z - Listening the port 8080...
2023-08-21T14:33:04.196Z - Listening the port 8080...
2023-08-21T15:07:15.361Z - User successfully signed up: foooolu@gmail.com
2023-08-21T15:12:20.358Z - Listening the port 8080...
2023-08-21T15:43:49.409Z - User successfully signed up: kamamam@gmail.com
2023-08-21T15:45:01.871Z - Registration error
2023-08-21T15:47:43.079Z - Listening the port 8080...
2023-08-21T15:48:19.653Z - Registration error
2023-08-21T15:51:06.852Z - Listening the port 8080...
2023-08-21T15:51:13.054Z - Listening the port 8080...
2023-08-21T15:51:36.440Z - Registration error
2023-08-21T16:00:40.312Z - Registration error
2023-08-21T16:02:05.016Z - Registration error
2023-08-22T03:41:41.200Z - Successfully logIn as a Company
2023-08-22T04:08:39.068Z - User successfully signed up: Investor01@gmail.com
2023-08-22T04:09:59.852Z - Investor successfully registerd
2023-08-22T04:12:35.287Z - User successfully signed up: company01@gmail.com
2023-08-22T04:14:06.719Z - Registration error
2023-08-22T04:14:25.671Z - Registration error
2023-08-22T04:20:03.167Z - Listening the port 8080...
2023-08-22T04:22:17.693Z - Listening the port 8080...
2023-08-22T04:29:22.831Z - Listening the port 8080...
2023-08-22T04:29:28.358Z - User successfully signed up: company02@gmail.com
2023-08-22T04:31:49.308Z - Registration error
2023-08-22T04:34:05.802Z - Listening the port 8080...
2023-08-22T04:34:12.615Z - Listening the port 8080...
2023-08-22T04:35:59.432Z - Registration error
2023-08-22T04:39:00.549Z - Listening the port 8080...
2023-08-22T04:46:03.061Z - Listening the port 8080...
2023-08-22T04:46:33.127Z - Listening the port 8080...
2023-08-22T04:48:21.588Z - Listening the port 8080...
2023-08-22T04:49:27.020Z - Listening the port 8080...
2023-08-22T04:49:31.632Z - Listening the port 8080...
2023-08-22T04:54:10.254Z - Listening the port 8080...
2023-08-22T04:55:56.867Z - User successfully signed up: comp@gmail.com
2023-08-22T04:59:27.919Z - Listening the port 8080...
2023-08-22T04:59:33.468Z - Company successfully registerd
2023-08-22T05:01:03.494Z - Listening the port 8080...
2023-08-22T05:06:29.617Z - Company successfully registerd
2023-08-22T05:11:32.798Z - User successfully signed up: bcsds@gmail.com
2023-08-22T05:12:50.739Z - Company successfully registerd
2023-08-22T05:14:34.038Z - Successfully logIn as a Company
2023-08-22T05:15:32.662Z - User successfully signed up: ashah@gmail.com
2023-08-22T05:16:53.027Z - Investor successfully registerd
